Release 13.4 Map O.87xd (nt64)
Xilinx Mapping Report File for Design 'cordic'

Design Information
------------------
Command Line   : map -intstyle ise -p xa6slx75-fgg484-3 -w -logic_opt off -ol
high -t 1 -xt 0 -register_duplication off -r 4 -global_opt off -mt off -ir off
-pr off -lc off -power off -o cordic_map.ncd cordic.ngd cordic.pcf 
Target Device  : xa6slx75
Target Package : fgg484
Target Speed   : -3
Mapper Version : aspartan6 -- $Revision: 1.55 $
Mapped Date    : Fri Aug 01 18:25:46 2014

Design Summary
--------------
Number of errors   :   1
Number of warnings :   0

Section 1 - Errors
------------------
ERROR:Security:9c - No 'ISE' nor 'WebPack' feature version 2012.01 was available
for part 'xa6slx75'.
ERROR:Map:258 - A problem was encountered attempting to get the license for this
   architecture. 

Section 2 - Warnings
--------------------
WARNING:Security:43 - No license file was found in the standard Xilinx license
directory.
WARNING:Security:44 - Since no license file was found,

Section 3 - Informational
-------------------------
INFO:Security:51 - The XILINXD_LICENSE_FILE environment variable is not set.
INFO:Security:53 - The LM_LICENSE_FILE environment variable is not set.
INFO:Security:54 - 'xa6slx75' is a WebPack part.
INFO:Security:68a - user is Owner, on host OWNER-VAIO.
